<?xml version="1.0" encoding="utf-8"?><testsuites name="pytest tests"><testsuite name="pytest" errors="0" failures="2" skipped="12" tests="358" time="5.872" timestamp="2026-02-14T10:40:22.190181+02:00" hostname="AsusVivo"><testcase classname="objutils.tests.test_arm_attributes" name="test_arm_attrs2" time="0.006" /><testcase classname="objutils.tests.test_ash.TestAcceptance" name="testAcceptApostroph" time="0.004" /><testcase classname="objutils.tests.test_ash.TestAcceptance" name="testAcceptComma" time="0.003" /><testcase classname="objutils.tests.test_ash.TestAcceptance" name="testAcceptPercent" time="0.003" /><testcase classname="objutils.tests.test_ash.TestAcceptance" name="testAcceptSpace" time="0.002" /><testcase classname="objutils.tests.test_ash.TestGenerateVariants" name="testWriteHexSpace" time="0.003" /><testcase classname="objutils.tests.test_checksums" name="testNibbleSumCase1" time="0.002" /><testcase classname="objutils.tests.test_checksums" name="testNibbleSumCase2" time="0.001" /><testcase classname="objutils.tests.test_checksums" name="testXorInverted" time="0.001" /><testcase classname="objutils.tests.test_checksums" name="testXorNotInverted" time="0.002" /><testcase classname="objutils.tests.test_checksums" name="testLRCCase1" time="0.002" /><testcase classname="objutils.tests.test_checksums" name="testLRCCase2" time="0.002" /><testcase classname="objutils.tests.test_checksums" name="testLRCCase3" time="0.002" /><testcase classname="objutils.tests.test_checksums" name="testLRCCase4" time="0.001" /><testcase classname="objutils.tests.test_checksums" name="testLRCCase5" time="0.001" /><testcase classname="objutils.tests.test_checksums" name="testLRCCase6" time="0.002" /><testcase classname="objutils.tests.test_checksums" name="testLRCCase7" time="0.002" /><testcase classname="objutils.tests.test_checksums" name="testLRCCase8" time="0.002" /><testcase classname="objutils.tests.test_checksums" name="testLRCCase9" time="0.002" /><testcase classname="objutils.tests.test_checksums" name="testLRCCase10" time="0.002" /><testcase classname="objutils.tests.test_checksums" name="testLRCCase11" time="0.002" /><testcase classname="objutils.tests.test_checksums" name="testLRCCase12" time="0.002" /><testcase classname="objutils.tests.test_checksums" name="testLRCCase13" time="0.002" /><testcase classname="objutils.tests.test_checksums" name="testLRCCase14" time="0.002" /><testcase classname="objutils.tests.test_checksums" name="testLRCCase15" time="0.002" /><testcase classname="objutils.tests.test_checksums" name="testLRCCase16" time="0.002" /><testcase classname="objutils.tests.test_checksums" name="testLRCCase17" time="0.002" /><testcase classname="objutils.tests.test_checksums" name="testLRCCase18" time="0.002" /><testcase classname="objutils.tests.test_checksums" name="testRXORCase1" time="0.002" /><testcase classname="objutils.tests.test_checksums" name="testRXORCase2" time="0.002" /><testcase classname="objutils.tests.test_checksums" name="testRXORCase3" time="0.002" /><testcase classname="objutils.tests.test_checksums" name="testRXORCase4" time="0.004" /><testcase classname="objutils.tests.test_checksums" name="testRXORCase5" time="0.002" /><testcase classname="objutils.tests.test_checksums" name="testRXORCase6" time="0.002" /><testcase classname="objutils.tests.test_checksums" name="testRXORCase7" time="0.002" /><testcase classname="objutils.tests.test_checksums" name="testRXORCase8" time="0.002" /><testcase classname="objutils.tests.test_checksums" name="testRXORCase9" time="0.002" /><testcase classname="objutils.tests.test_checksums" name="testRXORCase10" time="0.002" /><testcase classname="objutils.tests.test_checksums" name="testRXORCase11" time="0.002" /><testcase classname="objutils.tests.test_checksums" name="testRXORCase12" time="0.002" /><testcase classname="objutils.tests.test_checksums" name="testAdd11" time="0.002" /><testcase classname="objutils.tests.test_checksums" name="testAdd12" time="0.002" /><testcase classname="objutils.tests.test_checksums" name="testAdd14" time="0.002" /><testcase classname="objutils.tests.test_checksums" name="testAdd22" time="0.002" /><testcase classname="objutils.tests.test_checksums" name="testAdd24" time="0.002" /><testcase classname="objutils.tests.test_checksums" name="testAdd44" time="0.002" /><testcase classname="objutils.tests.test_checksums" name="testCrc16" time="0.002" /><testcase classname="objutils.tests.test_checksums" name="testCrc16Ccitt" time="0.002" /><testcase classname="objutils.tests.test_checksums" name="test_crc16_ccitt_ar[x0-33984]" time="0.002" /><testcase classname="objutils.tests.test_checksums" name="test_crc16_ccitt_ar[x1-54132]" time="0.003" /><testcase classname="objutils.tests.test_checksums" name="test_crc16_ccitt_ar[x2-8227]" time="0.003" /><testcase classname="objutils.tests.test_checksums" name="test_crc16_ccitt_ar[x3-47353]" time="0.003" /><testcase classname="objutils.tests.test_checksums" name="test_crc16_ccitt_ar[x4-62783]" time="0.003" /><testcase classname="objutils.tests.test_checksums" name="test_crc16_ccitt_ar[x5-1861]" time="0.003" /><testcase classname="objutils.tests.test_checksums" name="test_crc16_ccitt_ar[x6-7439]" time="0.002" /><testcase classname="objutils.tests.test_checksums" name="test_crc32_ar[x0-558161692]" time="0.002" /><testcase classname="objutils.tests.test_checksums" name="test_crc32_ar[x1-615226743]" time="0.005" /><testcase classname="objutils.tests.test_checksums" name="test_crc32_ar[x2-3066671751]" time="0.002" /><testcase classname="objutils.tests.test_checksums" name="test_crc32_ar[x3-849371666]" time="0.002" /><testcase classname="objutils.tests.test_checksums" name="test_crc32_ar[x4-2964227645]" time="0.002" /><testcase classname="objutils.tests.test_checksums" name="test_crc32_ar[x5-2631836315]" time="0.002" /><testcase classname="objutils.tests.test_checksums" name="test_crc32_ar[x6-4294967295]" time="0.002" /><testcase classname="objutils.tests.test_checksums" name="testCrc32" time="0.002" /><testcase classname="objutils.tests.test_checksums" name="testUserDefined" time="0.002" /><testcase classname="objutils.tests.test_cygpath.TestCygpath" name="test01" time="0.002" /><testcase classname="objutils.tests.test_cygpath.TestCygpath" name="test02" time="0.002" /><testcase classname="objutils.tests.test_diff_bin" name="test_modify1" time="0.002" /><testcase classname="objutils.tests.test_diff_bin" name="test_modify2" time="0.002" /><testcase classname="objutils.tests.test_diff_bin" name="test_append" time="0.002" /><testcase classname="objutils.tests.test_diff_bin" name="test_delete" time="0.002" /><testcase classname="objutils.tests.test_emon52.TestRoundtrip" name="testDumpsWorks" time="0.003" /><testcase classname="objutils.tests.test_emon52.TestRoundtrip" name="testLoadsWorks" time="0.003" /><testcase classname="objutils.tests.test_fpc.TestRoundTrip" name="testFromFPC" time="0.002"><skipped type="pytest.skip" message="unconditional skip">C:\Users\Chris\PycharmProjects\objutils\objutils\tests\test_fpc.py:35: unconditional skip</skipped></testcase><testcase classname="objutils.tests.test_fpc.TestRoundTrip" name="testFromSrec" time="0.004" /><testcase classname="objutils.tests.test_fpc.TestProbe" name="testProbeFpc" time="0.001"><skipped type="pytest.skip" message="unconditional skip">C:\Users\Chris\PycharmProjects\objutils\objutils\tests\test_fpc.py:45: unconditional skip</skipped></testcase><testcase classname="objutils.tests.test_fpc.TestProbe" name="testProbeSrec" time="0.001"><skipped type="pytest.skip" message="unconditional skip">C:\Users\Chris\PycharmProjects\objutils\objutils\tests\test_fpc.py:41: unconditional skip</skipped></testcase><testcase classname="objutils.tests.test_hexfile.TestHexfile" name="testAddSectionAliasWorks" time="0.003" /><testcase classname="objutils.tests.test_hexfile.TestHexfile" name="testRaisesError" time="0.002" /><testcase classname="objutils.tests.test_hexfile.TestHexfile" name="testRaisesInvalidChecksumError" time="0.003" /><testcase classname="objutils.tests.test_ihex.TestIHex" name="testAddressGapFromFileLike" time="0.004" /><testcase classname="objutils.tests.test_ihex.TestIHex" name="testAddressGapFromString" time="0.003" /><testcase classname="objutils.tests.test_ihex.TestIHex" name="testRoundtripFromFileLike" time="0.003" /><testcase classname="objutils.tests.test_ihex.TestIHex" name="testRoundtripFromString" time="0.004" /><testcase classname="objutils.tests.test_ihex.TestIHexrecord_types" name="test16Bit" time="0.005" /><testcase classname="objutils.tests.test_ihex.TestIHexrecord_types" name="test20Bit" time="0.003" /><testcase classname="objutils.tests.test_ihex.TestIHexrecord_types" name="test32Bit" time="0.003" /><testcase classname="objutils.tests.test_image.TestImageConstructors" name="testEmpty" time="0.002" /><testcase classname="objutils.tests.test_image.TestImageConstructors" name="testFailOnUnsupportedType" time="0.002" /><testcase classname="objutils.tests.test_image.TestImageConstructors" name="testNone" time="0.002" /><testcase classname="objutils.tests.test_image.TestImageConstructors" name="testSingle" time="0.003" /><testcase classname="objutils.tests.test_image.TestImageConstructors" name="testTwo" time="0.002" /><testcase classname="objutils.tests.test_image" name="test_insert1" time="0.002" /><testcase classname="objutils.tests.test_image" name="test_insert_overlapping1" time="0.002" /><testcase classname="objutils.tests.test_image" name="test_insert_overlapping2" time="0.002" /><testcase classname="objutils.tests.test_image" name="test_insert_overlapping2_1" time="0.003" /><testcase classname="objutils.tests.test_image" name="test_insert_overlapping3" time="0.002" /><testcase classname="objutils.tests.test_image" name="test_insert_overlapping4" time="0.002" /><testcase classname="objutils.tests.test_image" name="test_insert_overlapping5" time="0.002" /><testcase classname="objutils.tests.test_image" name="test_update1" time="0.004" /><testcase classname="objutils.tests.test_image" name="test_update2" time="0.002" /><testcase classname="objutils.tests.test_image" name="test_sorting1" time="0.003" /><testcase classname="objutils.tests.test_image" name="test_sorting2" time="0.004" /><testcase classname="objutils.tests.test_image" name="test_sorting7" time="0.001"><skipped type="pytest.skip" message="unconditional skip">C:\Users\Chris\PycharmProjects\objutils\objutils\tests\test_image.py:305: unconditional skip</skipped></testcase><testcase classname="objutils.tests.test_image" name="test_sorting8" time="0.002" /><testcase classname="objutils.tests.test_image" name="test_get_section1" time="0.001"><skipped type="pytest.skip" message="unconditional skip">C:\Users\Chris\PycharmProjects\objutils\objutils\tests\test_image.py:367: unconditional skip</skipped></testcase><testcase classname="objutils.tests.test_image" name="test_get_section2" time="0.002" /><testcase classname="objutils.tests.test_image" name="test_get_section_raises[False]" time="0.002" /><testcase classname="objutils.tests.test_image" name="test_get_section_raises[True]" time="0.002" /><testcase classname="objutils.tests.test_image.Equality" name="testEqualImagesShallCompareEqualCase1" time="0.002" /><testcase classname="objutils.tests.test_image.Equality" name="testEqualImagesShallCompareEqualCase2" time="0.002" /><testcase classname="objutils.tests.test_image.TestCreateSections" name="testCreateSectionFromArrayBWorks" time="0.002" /><testcase classname="objutils.tests.test_image.TestCreateSections" name="testCreateSectionFromByteArrayWorks" time="0.003" /><testcase classname="objutils.tests.test_image.TestCreateSections" name="testCreateSectionFromBytesWorks" time="0.002" /><testcase classname="objutils.tests.test_image.TestCreateSections" name="testCreateSectionFromListOfBytesWorks" time="0.003" /><testcase classname="objutils.tests.test_image.TestCreateSections" name="testCreateSectionFromListOfWordsFails" time="0.003" /><testcase classname="objutils.tests.test_image.TestCreateSections" name="testCreateSectionFromRangeWorks" time="0.002" /><testcase classname="objutils.tests.test_image.TestCreateSections" name="testCreateSectionFromStringWorks" time="0.002" /><testcase classname="objutils.tests.test_image.TestCreateSections" name="testEmptySectionProducesEmptiness" time="0.002" /><testcase classname="objutils.tests.test_image.TestCreateSections" name="testEnsureSectionHasCopySemantics" time="0.002" /><testcase classname="objutils.tests.test_image.TestCreateSections" name="testOmittedAddressYieldsToZero" time="0.003" /><testcase classname="objutils.tests.test_image.TestImageSlices" name="testHexdumpWorksOnSlice" time="0.004" /><testcase classname="objutils.tests.test_image.TestImageSlices" name="testIteration" time="0.004" /><testcase classname="objutils.tests.test_image.TestImageSlices" name="testLenWorks" time="0.004" /><testcase classname="objutils.tests.test_image.TestImageSlices" name="testSlicingWorks" time="0.003" /><testcase classname="objutils.tests.test_image" name="test_read_write_datatypes_require_suffix" time="0.008" /><testcase classname="objutils.tests.test_image" name="test_invalid_read_write_datatype_raises" time="0.003" /><testcase classname="objutils.tests.test_image" name="test_read_write" time="0.003" /><testcase classname="objutils.tests.test_image" name="test_write_boundary_case1" time="0.002" /><testcase classname="objutils.tests.test_image" name="test_write_boundary_case2" time="0.001" /><testcase classname="objutils.tests.test_image" name="test_write_boundary_case3" time="0.002" /><testcase classname="objutils.tests.test_image" name="test_read_boundary_case1" time="0.003" /><testcase classname="objutils.tests.test_image" name="test_read_boundary_case2" time="0.002" /><testcase classname="objutils.tests.test_image" name="test_read_boundary_case3" time="0.001" /><testcase classname="objutils.tests.test_image" name="test_read_write_uint8" time="0.001" /><testcase classname="objutils.tests.test_image" name="test_read_write_int8" time="0.002" /><testcase classname="objutils.tests.test_image" name="test_read_write_uint16" time="0.001" /><testcase classname="objutils.tests.test_image" name="test_read_write_int16" time="0.002" /><testcase classname="objutils.tests.test_image" name="test_read_write_uint32" time="0.002" /><testcase classname="objutils.tests.test_image" name="test_read_write_int32" time="0.001" /><testcase classname="objutils.tests.test_image" name="test_read_write_uint64" time="0.002" /><testcase classname="objutils.tests.test_image" name="test_read_write_int64" time="0.002" /><testcase classname="objutils.tests.test_image" name="test_read_write_float32" time="0.003" /><testcase classname="objutils.tests.test_image" name="test_read_write_float64" time="0.002" /><testcase classname="objutils.tests.test_image" name="test_read_write_string" time="0.003" /><testcase classname="objutils.tests.test_image" name="test_read_write_string_length" time="0.003" /><testcase classname="objutils.tests.test_image" name="test_read_unterminated_string_raises" time="0.002" /><testcase classname="objutils.tests.test_image" name="test_write_array_data_must_be_iterable" time="0.002" /><testcase classname="objutils.tests.test_image" name="test_write_uint8_array_boundary_case1" time="0.001" /><testcase classname="objutils.tests.test_image" name="test_write_uint8_array_boundary_case2" time="0.001" /><testcase classname="objutils.tests.test_image" name="test_write_uint8_array_boundary_case3" time="0.001" /><testcase classname="objutils.tests.test_image" name="test_write_uint8_array_boundary_case4" time="0.002" /><testcase classname="objutils.tests.test_image" name="test_read_uint8_array_boundary_case1" time="0.002" /><testcase classname="objutils.tests.test_image" name="test_read_uint8_array_boundary_case2" time="0.002" /><testcase classname="objutils.tests.test_image" name="test_read_uint8_array_boundary_case3" time="0.002" /><testcase classname="objutils.tests.test_image" name="test_read_uint8_array_boundary_case4" time="0.001" /><testcase classname="objutils.tests.test_image" name="test_read_write_uint8_array" time="0.002" /><testcase classname="objutils.tests.test_image" name="test_read_write_int8_array" time="0.002" /><testcase classname="objutils.tests.test_image" name="test_read_write_uint16_array" time="0.001" /><testcase classname="objutils.tests.test_image" name="test_read_write_int16_array" time="0.002" /><testcase classname="objutils.tests.test_image" name="test_read_write_uint32_array" time="0.002" /><testcase classname="objutils.tests.test_image" name="test_read_write_int32_array" time="0.002" /><testcase classname="objutils.tests.test_image" name="test_read_write_uint64_array" time="0.002" /><testcase classname="objutils.tests.test_image" name="test_read_write_int64_array" time="0.001" /><testcase classname="objutils.tests.test_image" name="test_read_write_float32_array" time="0.001" /><testcase classname="objutils.tests.test_image" name="test_read_write_float64_array" time="0.001" /><testcase classname="objutils.tests.test_image" name="test_write_uint8_negative_offset" time="0.001" /><testcase classname="objutils.tests.test_image" name="test_write_uint16_negative_offset" time="0.002" /><testcase classname="objutils.tests.test_image" name="test_write_uint32_negative_offset" time="0.002" /><testcase classname="objutils.tests.test_image" name="test_write_uint64_negative_offset" time="0.002" /><testcase classname="objutils.tests.test_image" name="test_write_int8_negative_offset" time="0.001" /><testcase classname="objutils.tests.test_image" name="test_write_int16_negative_offset" time="0.001" /><testcase classname="objutils.tests.test_image" name="test_write_int32_negative_offset" time="0.001" /><testcase classname="objutils.tests.test_image" name="test_write_int64_negative_offset" time="0.001" /><testcase classname="objutils.tests.test_image" name="test_write_float32_negative_offset" time="0.002" /><testcase classname="objutils.tests.test_image" name="test_write_float64_negative_offset" time="0.002" /><testcase classname="objutils.tests.test_image" name="test_read_uint8_negative_offset" time="0.001" /><testcase classname="objutils.tests.test_image" name="test_read_uint16_negative_offset" time="0.001" /><testcase classname="objutils.tests.test_image" name="test_read_uint32_negative_offset" time="0.001" /><testcase classname="objutils.tests.test_image" name="test_read_uint64_negative_offset" time="0.001" /><testcase classname="objutils.tests.test_image" name="test_read_int8_negative_offset" time="0.001" /><testcase classname="objutils.tests.test_image" name="test_read_int16_negative_offset" time="0.001" /><testcase classname="objutils.tests.test_image" name="test_read_int32_negative_offset" time="0.002" /><testcase classname="objutils.tests.test_image" name="test_read_int64_negative_offset" time="0.002" /><testcase classname="objutils.tests.test_image" name="test_read_float32_negative_offset" time="0.002" /><testcase classname="objutils.tests.test_image" name="test_read_float64_negative_offset" time="0.002" /><testcase classname="objutils.tests.test_image" name="test_read_uint8_array_boundary_case21" time="0.003" /><testcase classname="objutils.tests.test_image" name="test_read_uint8_array_boundary_case2_1" time="0.002" /><testcase classname="objutils.tests.test_image" name="test_read_uint8_array_boundary_case3_1" time="0.001" /><testcase classname="objutils.tests.test_image" name="test_write_uint8_array_boundary_case1_1" time="0.001" /><testcase classname="objutils.tests.test_image" name="test_write_uint8_array_boundary_case2_1" time="0.001" /><testcase classname="objutils.tests.test_image" name="test_write_uint8_array_boundary_case3_1" time="0.002" /><testcase classname="objutils.tests.test_mostec.TestRoundtrip" name="testDumpsWorks" time="0.003" /><testcase classname="objutils.tests.test_mostec.TestRoundtrip" name="testLoadsWorks" time="0.003" /><testcase classname="objutils.tests.test_readers.TestReader" name="testInitialPosition" time="0.002" /><testcase classname="objutils.tests.test_readers.TestReader" name="testNextByte" time="0.002" /><testcase classname="objutils.tests.test_readers.TestReader" name="testResetPosition" time="0.003" /><testcase classname="objutils.tests.test_readers.TestReader" name="testSetPosition" time="0.002" /><testcase classname="objutils.tests.test_readers.TestReader" name="testSize" time="0.001" /><testcase classname="objutils.tests.test_readers.TestDecoding" name="testASCIIZEmpty" time="0.001" /><testcase classname="objutils.tests.test_readers.TestDecoding" name="testASCIIZValue" time="0.001" /><testcase classname="objutils.tests.test_readers.TestDecoding" name="testS16_1" time="0.002" /><testcase classname="objutils.tests.test_readers.TestDecoding" name="testS16_2" time="0.002" /><testcase classname="objutils.tests.test_readers.TestDecoding" name="testS16_3" time="0.002" /><testcase classname="objutils.tests.test_readers.TestDecoding" name="testS32_1" time="0.002" /><testcase classname="objutils.tests.test_readers.TestDecoding" name="testS32_2" time="0.001" /><testcase classname="objutils.tests.test_readers.TestDecoding" name="testS32_3" time="0.002" /><testcase classname="objutils.tests.test_readers.TestDecoding" name="testS64_1" time="0.002" /><testcase classname="objutils.tests.test_readers.TestDecoding" name="testS64_2" time="0.002" /><testcase classname="objutils.tests.test_readers.TestDecoding" name="testS64_3" time="0.002" /><testcase classname="objutils.tests.test_readers.TestDecoding" name="testS8_1" time="0.002" /><testcase classname="objutils.tests.test_readers.TestDecoding" name="testS8_2" time="0.002" /><testcase classname="objutils.tests.test_readers.TestDecoding" name="testS8_3" time="0.002" /><testcase classname="objutils.tests.test_readers.TestDecoding" name="testSlb01" time="0.002" /><testcase classname="objutils.tests.test_readers.TestDecoding" name="testU16_1" time="0.001" /><testcase classname="objutils.tests.test_readers.TestDecoding" name="testU16_2" time="0.001" /><testcase classname="objutils.tests.test_readers.TestDecoding" name="testU16_3" time="0.001" /><testcase classname="objutils.tests.test_readers.TestDecoding" name="testU32_1" time="0.001" /><testcase classname="objutils.tests.test_readers.TestDecoding" name="testU32_2" time="0.002" /><testcase classname="objutils.tests.test_readers.TestDecoding" name="testU32_3" time="0.002" /><testcase classname="objutils.tests.test_readers.TestDecoding" name="testU64_1" time="0.001" /><testcase classname="objutils.tests.test_readers.TestDecoding" name="testU64_2" time="0.001" /><testcase classname="objutils.tests.test_readers.TestDecoding" name="testU64_3" time="0.001" /><testcase classname="objutils.tests.test_readers.TestDecoding" name="testU8_1" time="0.001" /><testcase classname="objutils.tests.test_readers.TestDecoding" name="testU8_2" time="0.002" /><testcase classname="objutils.tests.test_readers.TestDecoding" name="testU8_3" time="0.002" /><testcase classname="objutils.tests.test_repr.TestRepr" name="testImageRepresentation" time="0.003" /><testcase classname="objutils.tests.test_section" name="test_default_section" time="0.001" /><testcase classname="objutils.tests.test_section" name="test_default_startAddress" time="0.003" /><testcase classname="objutils.tests.test_section" name="test_initialize_from_list" time="0.002" /><testcase classname="objutils.tests.test_section" name="test_initialize_from_array1" time="0.002" /><testcase classname="objutils.tests.test_section" name="test_initialize_from_array2" time="0.002" /><testcase classname="objutils.tests.test_section" name="test_initialize_from_range" time="0.001" /><testcase classname="objutils.tests.test_section" name="test_initialize_from_string" time="0.001" /><testcase classname="objutils.tests.test_section" name="test_adress_in_range1" time="0.001" /><testcase classname="objutils.tests.test_section" name="test_adress_in_range2" time="0.001" /><testcase classname="objutils.tests.test_section" name="test_adress_out_of_range1" time="0.002" /><testcase classname="objutils.tests.test_section" name="test_adress_out_of_range2" time="0.001" /><testcase classname="objutils.tests.test_section" name="test_copy_data_from_other_section" time="0.001" /><testcase classname="objutils.tests.test_section" name="test_copy_really_works" time="0.001" /><testcase classname="objutils.tests.test_section" name="test_single_int_not_permitted" time="0.001" /><testcase classname="objutils.tests.test_section" name="test_filler1" time="0.001" /><testcase classname="objutils.tests.test_section" name="test_filler2" time="0.001" /><testcase classname="objutils.tests.test_section" name="test_filler_fails1" time="0.001" /><testcase classname="objutils.tests.test_section" name="test_filler_fails2" time="0.001" /><testcase classname="objutils.tests.test_section" name="test_filler_fails3" time="0.001" /><testcase classname="objutils.tests.test_section" name="test_filler_fails4" time="0.001" /><testcase classname="objutils.tests.test_section" name="test_int8_range" time="0.001" /><testcase classname="objutils.tests.test_section" name="test_uint8_range" time="0.001" /><testcase classname="objutils.tests.test_section" name="test_uint16_range" time="0.001" /><testcase classname="objutils.tests.test_section" name="test_int16_range" time="0.001" /><testcase classname="objutils.tests.test_section" name="test_int32_range" time="0.001" /><testcase classname="objutils.tests.test_section" name="test_uint32_range" time="0.001" /><testcase classname="objutils.tests.test_section" name="test_int64_range" time="0.001" /><testcase classname="objutils.tests.test_section" name="test_uint64_range" time="0.001" /><testcase classname="objutils.tests.test_section" name="test_write_uint8_le1" time="0.002" /><testcase classname="objutils.tests.test_section" name="test_write_uint8_le2" time="0.002" /><testcase classname="objutils.tests.test_section" name="test_write_uint8_le3" time="0.003" /><testcase classname="objutils.tests.test_section" name="test_write_uint8_be1" time="0.002" /><testcase classname="objutils.tests.test_section" name="test_write_uint8_be2" time="0.002" /><testcase classname="objutils.tests.test_section" name="test_write_uint8_be3" time="0.001" /><testcase classname="objutils.tests.test_section" name="test_write_int8_le1" time="0.002" /><testcase classname="objutils.tests.test_section" name="test_write_int8_le2" time="0.002" /><testcase classname="objutils.tests.test_section" name="test_write_int8_le3" time="0.001" /><testcase classname="objutils.tests.test_section" name="test_write_int8_be1" time="0.002" /><testcase classname="objutils.tests.test_section" name="test_write_int8_be2" time="0.001" /><testcase classname="objutils.tests.test_section" name="test_write_int8_be3" time="0.001" /><testcase classname="objutils.tests.test_section" name="test_write_byte0" time="0.001" /><testcase classname="objutils.tests.test_section" name="test_write_byte1" time="0.001" /><testcase classname="objutils.tests.test_section" name="test_write_byte2" time="0.002" /><testcase classname="objutils.tests.test_section" name="test_write_byte3" time="0.003" /><testcase classname="objutils.tests.test_section" name="test_write_byte4" time="0.002" /><testcase classname="objutils.tests.test_section" name="test_write_byte5" time="0.002" /><testcase classname="objutils.tests.test_section" name="test_write_byte6" time="0.002" /><testcase classname="objutils.tests.test_section" name="test_write_byte7" time="0.003" /><testcase classname="objutils.tests.test_section" name="test_write_byte8" time="0.001"><skipped type="pytest.skip" message="unconditional skip">C:\Users\Chris\PycharmProjects\objutils\objutils\tests\test_section.py:293: unconditional skip</skipped></testcase><testcase classname="objutils.tests.test_section" name="test_write_byte9" time="0.002"><skipped type="pytest.skip" message="unconditional skip">C:\Users\Chris\PycharmProjects\objutils\objutils\tests\test_section.py:299: unconditional skip</skipped></testcase><testcase classname="objutils.tests.test_section" name="test_write_byte10" time="0.002" /><testcase classname="objutils.tests.test_section" name="test_write_byte11" time="0.001"><skipped type="pytest.skip" message="unconditional skip">C:\Users\Chris\PycharmProjects\objutils\objutils\tests\test_section.py:310: unconditional skip</skipped></testcase><testcase classname="objutils.tests.test_section" name="test_write_uint16_le1" time="0.005" /><testcase classname="objutils.tests.test_section" name="test_write_uint16_be1" time="0.003" /><testcase classname="objutils.tests.test_section" name="test_write_int16_le1" time="0.003" /><testcase classname="objutils.tests.test_section" name="test_write_int16_be1" time="0.002" /><testcase classname="objutils.tests.test_section" name="test_write_uint32_le1" time="0.002" /><testcase classname="objutils.tests.test_section" name="test_write_uint32_be1" time="0.004" /><testcase classname="objutils.tests.test_section" name="test_write_int32_le1" time="0.003" /><testcase classname="objutils.tests.test_section" name="test_write_int32_be1" time="0.003" /><testcase classname="objutils.tests.test_section" name="test_write_uint64_le1" time="0.002" /><testcase classname="objutils.tests.test_section" name="test_write_uint64_be1" time="0.003" /><testcase classname="objutils.tests.test_section" name="test_write_int64_le1" time="0.002" /><testcase classname="objutils.tests.test_section" name="test_write_int64_be1" time="0.002" /><testcase classname="objutils.tests.test_section" name="test_write_float32_le1" time="0.002" /><testcase classname="objutils.tests.test_section" name="test_write_float32_be1" time="0.002" /><testcase classname="objutils.tests.test_section" name="test_write_float64_le1" time="0.002" /><testcase classname="objutils.tests.test_section" name="test_write_float64_be1" time="0.002" /><testcase classname="objutils.tests.test_section" name="test_write_uint8_negative_offset" time="0.002" /><testcase classname="objutils.tests.test_section" name="test_write_uint16_negative_offset" time="0.003" /><testcase classname="objutils.tests.test_section" name="test_write_uint32_negative_offset" time="0.002" /><testcase classname="objutils.tests.test_section" name="test_write_uint64_negative_offset" time="0.002" /><testcase classname="objutils.tests.test_section" name="test_write_int8_negative_offset" time="0.002" /><testcase classname="objutils.tests.test_section" name="test_write_int16_negative_offset" time="0.002" /><testcase classname="objutils.tests.test_section" name="test_write_int32_negative_offset" time="0.002" /><testcase classname="objutils.tests.test_section" name="test_write_int64_negative_offset" time="0.003" /><testcase classname="objutils.tests.test_section" name="test_write_float32_negative_offset" time="0.003" /><testcase classname="objutils.tests.test_section" name="test_write_float64_negative_offset" time="0.002" /><testcase classname="objutils.tests.test_section" name="test_read_uint8_negative_offset" time="0.002" /><testcase classname="objutils.tests.test_section" name="test_read_uint16_negative_offset" time="0.002" /><testcase classname="objutils.tests.test_section" name="test_read_uint32_negative_offset" time="0.002" /><testcase classname="objutils.tests.test_section" name="test_read_uint64_negative_offset" time="0.002" /><testcase classname="objutils.tests.test_section" name="test_read_int8_negative_offset" time="0.002" /><testcase classname="objutils.tests.test_section" name="test_read_int16_negative_offset" time="0.002" /><testcase classname="objutils.tests.test_section" name="test_read_int32_negative_offset" time="0.001" /><testcase classname="objutils.tests.test_section" name="test_read_int64_negative_offset" time="0.001" /><testcase classname="objutils.tests.test_section" name="test_read_float32_negative_offset" time="0.001" /><testcase classname="objutils.tests.test_section" name="test_read_float64_negative_offset" time="0.001" /><testcase classname="objutils.tests.test_section" name="test_write_boundary_case1" time="0.001" /><testcase classname="objutils.tests.test_section" name="test_write_boundary_case2" time="0.001" /><testcase classname="objutils.tests.test_section" name="test_write_boundary_case3" time="0.001" /><testcase classname="objutils.tests.test_section" name="test_read_boundary_case1" time="0.001" /><testcase classname="objutils.tests.test_section" name="test_read_boundary_case2" time="0.001" /><testcase classname="objutils.tests.test_section" name="test_read_boundary_case3" time="0.001" /><testcase classname="objutils.tests.test_section" name="test_read_uint8_array_boundary_case1" time="0.001" /><testcase classname="objutils.tests.test_section" name="test_read_uint8_array_boundary_case2" time="0.001" /><testcase classname="objutils.tests.test_section" name="test_read_uint8_array_boundary_case3" time="0.002" /><testcase classname="objutils.tests.test_section" name="test_write_uint8_array_boundary_case1" time="0.001" /><testcase classname="objutils.tests.test_section" name="test_write_uint8_array_boundary_case2" time="0.001" /><testcase classname="objutils.tests.test_section" name="test_write_uint8_array_boundary_case3" time="0.001" /><testcase classname="objutils.tests.test_section" name="test_write_ndarray1" time="0.001" /><testcase classname="objutils.tests.test_section" name="test_write_ndarray_out_of_bounds1" time="0.001" /><testcase classname="objutils.tests.test_section" name="test_write_ndarray_out_of_bounds2" time="0.001" /><testcase classname="objutils.tests.test_section" name="test_read_ndarray_reshaped" time="0.001" /><testcase classname="objutils.tests.test_section" name="test_read_ndarray_flat" time="0.001" /><testcase classname="objutils.tests.test_section" name="test_read_ndarray_fortan_01" time="0.002"><failure message="AssertionError: assert False&#10; +  where False = &lt;function array_equal at 0x0000025B113C39B0&gt;(array([[ 1, 10,  8,  6],\n       [ 4,  2, 11,  9],\n       [ 7,  5,  3, 12]], dtype=int16), array([[ 1,  2,  3],\n       [ 4,  5,  6],\n       [ 7,  8,  9],\n       [10, 11, 12]], dtype=int16))&#10; +    where &lt;function array_equal at 0x0000025B113C39B0&gt; = np.array_equal&#10; +    and   array([[ 1,  2,  3],\n       [ 4,  5,  6],\n       [ 7,  8,  9],\n       [10, 11, 12]], dtype=int16) = &lt;built-in function array&gt;([[1, 2, 3], [4, 5, 6], [7, 8, 9], [10, 11, 12]], dtype=&lt;class 'numpy.int16'&gt;)&#10; +      where &lt;built-in function array&gt; = np.array&#10; +      and   &lt;class 'numpy.int16'&gt; = np.int16">objutils\tests\test_section.py:644: in test_read_ndarray_fortan_01
    assert np.array_equal(
E   AssertionError: assert False
E    +  where False = &lt;function array_equal at 0x0000025B113C39B0&gt;(array([[ 1, 10,  8,  6],\n       [ 4,  2, 11,  9],\n       [ 7,  5,  3, 12]], dtype=int16), array([[ 1,  2,  3],\n       [ 4,  5,  6],\n       [ 7,  8,  9],\n       [10, 11, 12]], dtype=int16))
E    +    where &lt;function array_equal at 0x0000025B113C39B0&gt; = np.array_equal
E    +    and   array([[ 1,  2,  3],\n       [ 4,  5,  6],\n       [ 7,  8,  9],\n       [10, 11, 12]], dtype=int16) = &lt;built-in function array&gt;([[1, 2, 3], [4, 5, 6], [7, 8, 9], [10, 11, 12]], dtype=&lt;class 'numpy.int16'&gt;)
E    +      where &lt;built-in function array&gt; = np.array
E    +      and   &lt;class 'numpy.int16'&gt; = np.int16</failure></testcase><testcase classname="objutils.tests.test_section" name="test_read_ndarray_fortan_02" time="0.002"><failure message="AssertionError: assert False&#10; +  where False = &lt;function array_equal at 0x0000025B113C39B0&gt;(array([[[[ 1, 25],\n         [11, 35],\n         [16, 40]],\n\n        [[ 5, 29],\n         [10, 34],\n         [19, 43]],\n\n        [[ 4, 28],\n         [13, 37],\n         [23, 47]],\n\n        [[ 7, 31],\n         [17, 41],\n         [22, 46]]],\n\n\n       [[[ 3, 27],\n         [ 8, 32],\n         [18, 42]],\n\n        [[ 2, 26],\n         [12, 36],\n         [21, 45]],\n\n        [[ 6, 30],\n         [15, 39],\n         [20, 44]],\n\n        [[ 9, 33],\n         [14, 38],\n         [24, 48]]]], dtype=int8), array([[[[ 1,  2],\n         [ 3,  4],\n         [ 5,  6]],\n\n        [[ 7,  8],\n         [ 9, 10],\n         [11, 12]],\n\n        [[13, 14],\n         [15, 16],\n         [17, 18]],\n\n        [[19, 20],\n         [21, 22],\n         [23, 24]]],\n\n\n       [[[25, 26],\n         [27, 28],\n         [29, 30]],\n\n        [[31, 32],\n         [33, 34],\n         [35, 36]],\n\n        [[37, 38],\n         [39, 40],\n         [41, 42]],\n\n        [[43, 44],\n         [45, 46],\n         [47, 48]]]], dtype=int8))&#10; +    where &lt;function array_equal at 0x0000025B113C39B0&gt; = np.array_equal&#10; +    and   array([[[[ 1,  2],\n         [ 3,  4],\n         [ 5,  6]],\n\n        [[ 7,  8],\n         [ 9, 10],\n         [11, 12]],\n\n        [[13, 14],\n         [15, 16],\n         [17, 18]],\n\n        [[19, 20],\n         [21, 22],\n         [23, 24]]],\n\n\n       [[[25, 26],\n         [27, 28],\n         [29, 30]],\n\n        [[31, 32],\n         [33, 34],\n         [35, 36]],\n\n        [[37, 38],\n         [39, 40],\n         [41, 42]],\n\n        [[43, 44],\n         [45, 46],\n         [47, 48]]]], dtype=int8) = &lt;built-in function array&gt;([[[[1, 2], [3, 4], [5, 6]], [[7, 8], [9, 10], [11, 12]], [[13, 14], [15, 16], [17, 18]], [[19, 20], [21, 22], [23, 24]]], [[[25, 26], [27, 28], [29, 30]], [[31, 32], [33, 34], [35, 36]], [[37, 38], [39, 40], [41, 42]], [[43, 44], [45, 46], [47, 48]]]], dtype=&lt;class 'numpy.int8'&gt;)&#10; +      where &lt;built-in function array&gt; = np.array&#10; +      and   &lt;class 'numpy.int8'&gt; = np.int8">objutils\tests\test_section.py:719: in test_read_ndarray_fortan_02
    assert np.array_equal(
E   AssertionError: assert False
E    +  where False = &lt;function array_equal at 0x0000025B113C39B0&gt;(array([[[[ 1, 25],\n         [11, 35],\n         [16, 40]],\n\n        [[ 5, 29],\n         [10, 34],\n         [19, 43]],\n\n        [[ 4, 28],\n         [13, 37],\n         [23, 47]],\n\n        [[ 7, 31],\n         [17, 41],\n         [22, 46]]],\n\n\n       [[[ 3, 27],\n         [ 8, 32],\n         [18, 42]],\n\n        [[ 2, 26],\n         [12, 36],\n         [21, 45]],\n\n        [[ 6, 30],\n         [15, 39],\n         [20, 44]],\n\n        [[ 9, 33],\n         [14, 38],\n         [24, 48]]]], dtype=int8), array([[[[ 1,  2],\n         [ 3,  4],\n         [ 5,  6]],\n\n        [[ 7,  8],\n         [ 9, 10],\n         [11, 12]],\n\n        [[13, 14],\n         [15, 16],\n         [17, 18]],\n\n        [[19, 20],\n         [21, 22],\n         [23, 24]]],\n\n\n       [[[25, 26],\n         [27, 28],\n         [29, 30]],\n\n        [[31, 32],\n         [33, 34],\n         [35, 36]],\n\n        [[37, 38],\n         [39, 40],\n         [41, 42]],\n\n        [[43, 44],\n         [45, 46],\n         [47, 48]]]], dtype=int8))
E    +    where &lt;function array_equal at 0x0000025B113C39B0&gt; = np.array_equal
E    +    and   array([[[[ 1,  2],\n         [ 3,  4],\n         [ 5,  6]],\n\n        [[ 7,  8],\n         [ 9, 10],\n         [11, 12]],\n\n        [[13, 14],\n         [15, 16],\n         [17, 18]],\n\n        [[19, 20],\n         [21, 22],\n         [23, 24]]],\n\n\n       [[[25, 26],\n         [27, 28],\n         [29, 30]],\n\n        [[31, 32],\n         [33, 34],\n         [35, 36]],\n\n        [[37, 38],\n         [39, 40],\n         [41, 42]],\n\n        [[43, 44],\n         [45, 46],\n         [47, 48]]]], dtype=int8) = &lt;built-in function array&gt;([[[[1, 2], [3, 4], [5, 6]], [[7, 8], [9, 10], [11, 12]], [[13, 14], [15, 16], [17, 18]], [[19, 20], [21, 22], [23, 24]]], [[[25, 26], [27, 28], [29, 30]], [[31, 32], [33, 34], [35, 36]], [[37, 38], [39, 40], [41, 42]], [[43, 44], [45, 46], [47, 48]]]], dtype=&lt;class 'numpy.int8'&gt;)
E    +      where &lt;built-in function array&gt; = np.array
E    +      and   &lt;class 'numpy.int8'&gt; = np.int8</failure></testcase><testcase classname="objutils.tests.test_section" name="test_write_ndarray_fortan_01" time="0.002" /><testcase classname="objutils.tests.test_section" name="test_write_ndarray_fortan_02" time="0.002" /><testcase classname="objutils.tests.test_shf" name="test_load_shf1" time="0.006" /><testcase classname="objutils.tests.test_shf" name="test_load_shf2" time="0.003" /><testcase classname="objutils.tests.test_shf" name="test_load_shf3" time="0.001" /><testcase classname="objutils.tests.test_shf" name="test_dump_shf1" time="0.001"><skipped type="pytest.skip" message="unconditional skip">C:\Users\Chris\PycharmProjects\objutils\objutils\tests\test_shf.py:77: unconditional skip</skipped></testcase><testcase classname="objutils.tests.test_srec" name="test_meta_data1" time="0.002" /><testcase classname="objutils.tests.test_srec" name="test_meta_data2" time="0.002" /><testcase classname="objutils.tests.test_srec.TestRoundtrip" name="testLoadsWorks" time="0.002" /><testcase classname="objutils.tests.test_srec.Test19Probe" name="testS19ProbeS1" time="0.001"><skipped type="pytest.skip" message="unconditional skip">C:\Users\Chris\PycharmProjects\objutils\objutils\tests\test_srec.py:66: unconditional skip</skipped></testcase><testcase classname="objutils.tests.test_srec.Test19Probe" name="testS19ProbeS2" time="0.001"><skipped type="pytest.skip" message="unconditional skip">C:\Users\Chris\PycharmProjects\objutils\objutils\tests\test_srec.py:70: unconditional skip</skipped></testcase><testcase classname="objutils.tests.test_srec.Test19Probe" name="testS19ProbeS3" time="0.001"><skipped type="pytest.skip" message="unconditional skip">C:\Users\Chris\PycharmProjects\objutils\objutils\tests\test_srec.py:74: unconditional skip</skipped></testcase><testcase classname="objutils.tests.test_srec.TestS19Options" name="testS19excludeS5RecordS1" time="0.002" /><testcase classname="objutils.tests.test_srec.TestS19Options" name="testS19excludeS5RecordS2" time="0.002" /><testcase classname="objutils.tests.test_srec.TestS19Options" name="testS19excludeS5RecordS3" time="0.002" /><testcase classname="objutils.tests.test_srec.TestS19Options" name="testS19includeS5RecordS1" time="0.002" /><testcase classname="objutils.tests.test_srec.TestS19Options" name="testS19includeS5RecordS2" time="0.002" /><testcase classname="objutils.tests.test_srec.TestS19Options" name="testS19includeS5RecordS3" time="0.002" /><testcase classname="objutils.tests.test_srec.TestS19Options" name="testS19includeStartAddressS1" time="0.002" /><testcase classname="objutils.tests.test_srec.TestS19Options" name="testS19includeStartAddressS2" time="0.002" /><testcase classname="objutils.tests.test_srec.TestS19Options" name="testS19includeStartAddressS3" time="0.003" /><testcase classname="objutils.tests.test_tek.TestRoundtrip" name="testDumpsWorks" time="0.003" /><testcase classname="objutils.tests.test_tek.TestRoundtrip" name="testLoadsWorks" time="0.003" /><testcase classname="objutils.tests.test_titext.TestRoundTrip" name="testFromSrec" time="0.002" /><testcase classname="objutils.tests.test_titext.TestRoundTrip" name="testFromTiTxt" time="0.001" /></testsuite></testsuites>
