<?xml version="1.0" encoding="utf-8"?><testsuites name="pytest tests"><testsuite name="pytest" errors="0" failures="1" skipped="0" tests="1" time="10.315" timestamp="2025-08-24T12:29:23.388680+03:00" hostname="AsusVivo"><testcase classname="objutils.tests.test_examples_cgen" name="test_examples_cgen_run_on_prgdb_writes_output" file="objutils\tests\test_examples_cgen.py" line="23" time="7.497"><failure message="sqlalchemy.exc.OperationalError: (sqlite3.OperationalError) database is locked&#10;(Background on this error at: https://sqlalche.me/e/20/e3q8)">..\..\..\..\AppData\Local\Programs\Python\Python313\Lib\site-packages\sqlalchemy\engine\base.py:145: in __init__
    self._dbapi_connection = engine.raw_connection()
                             ^^^^^^^^^^^^^^^^^^^^^^^
..\..\..\..\AppData\Local\Programs\Python\Python313\Lib\site-packages\sqlalchemy\engine\base.py:3297: in raw_connection
    return self.pool.connect()
           ^^^^^^^^^^^^^^^^^^^
..\..\..\..\AppData\Local\Programs\Python\Python313\Lib\site-packages\sqlalchemy\pool\base.py:449: in connect
    return _ConnectionFairy._checkout(self)
           ^^^^^^^^^^^^^^^^^^^^^^^^^^^^^^^^
..\..\..\..\AppData\Local\Programs\Python\Python313\Lib\site-packages\sqlalchemy\pool\base.py:1264: in _checkout
    fairy = _ConnectionRecord.checkout(pool)
            ^^^^^^^^^^^^^^^^^^^^^^^^^^^^^^^^
..\..\..\..\AppData\Local\Programs\Python\Python313\Lib\site-packages\sqlalchemy\pool\base.py:713: in checkout
    rec = pool._do_get()
          ^^^^^^^^^^^^^^
..\..\..\..\AppData\Local\Programs\Python\Python313\Lib\site-packages\sqlalchemy\pool\impl.py:179: in _do_get
    with util.safe_reraise():
         ^^^^^^^^^^^^^^^^^^^
..\..\..\..\AppData\Local\Programs\Python\Python313\Lib\site-packages\sqlalchemy\util\langhelpers.py:224: in __exit__
    raise exc_value.with_traceback(exc_tb)
..\..\..\..\AppData\Local\Programs\Python\Python313\Lib\site-packages\sqlalchemy\pool\impl.py:177: in _do_get
    return self._create_connection()
           ^^^^^^^^^^^^^^^^^^^^^^^^^
..\..\..\..\AppData\Local\Programs\Python\Python313\Lib\site-packages\sqlalchemy\pool\base.py:390: in _create_connection
    return _ConnectionRecord(self)
           ^^^^^^^^^^^^^^^^^^^^^^^
..\..\..\..\AppData\Local\Programs\Python\Python313\Lib\site-packages\sqlalchemy\pool\base.py:675: in __init__
    self.__connect()
..\..\..\..\AppData\Local\Programs\Python\Python313\Lib\site-packages\sqlalchemy\pool\base.py:915: in __connect
    )._exec_w_sync_on_first_run(self.dbapi_connection, self)
      ^^^^^^^^^^^^^^^^^^^^^^^^^^^^^^^^^^^^^^^^^^^^^^^^^^^^^^
..\..\..\..\AppData\Local\Programs\Python\Python313\Lib\site-packages\sqlalchemy\event\attr.py:483: in _exec_w_sync_on_first_run
    self(*args, **kw)
..\..\..\..\AppData\Local\Programs\Python\Python313\Lib\site-packages\sqlalchemy\event\attr.py:495: in __call__
    fn(*args, **kw)
..\elf\model.py:510: in set_sqlite3_pragmas
    cursor.execute(f"PRAGMA CACHE_SIZE={calculateCacheSize(CACHE_SIZE * 1024 * 1024)}")
E   sqlite3.OperationalError: database is locked

The above exception was the direct cause of the following exception:
test_examples_cgen.py:31: in test_examples_cgen_run_on_prgdb_writes_output
    rc = mod.run_on_prgdb(str(db_path), start_offset=None, out=str(out_path))
         ^^^^^^^^^^^^^^^^^^^^^^^^^^^^^^^^^^^^^^^^^^^^^^^^^^^^^^^^^^^^^^^^^^^^
..\..\examples\cgen.py:12: in run_on_prgdb
    db = elf_model.Model(db_path)
         ^^^^^^^^^^^^^^^^^^^^^^^^
..\elf\model.py:566: in __init__
    Base.metadata.create_all(self.engine)
..\..\..\..\AppData\Local\Programs\Python\Python313\Lib\site-packages\sqlalchemy\sql\schema.py:5924: in create_all
    bind._run_ddl_visitor(
..\..\..\..\AppData\Local\Programs\Python\Python313\Lib\site-packages\sqlalchemy\engine\base.py:3247: in _run_ddl_visitor
    with self.begin() as conn:
         ^^^^^^^^^^^^
..\..\..\..\AppData\Local\Programs\Python\Python313\Lib\contextlib.py:141: in __enter__
    return next(self.gen)
           ^^^^^^^^^^^^^^
..\..\..\..\AppData\Local\Programs\Python\Python313\Lib\site-packages\sqlalchemy\engine\base.py:3237: in begin
    with self.connect() as conn:
         ^^^^^^^^^^^^^^
..\..\..\..\AppData\Local\Programs\Python\Python313\Lib\site-packages\sqlalchemy\engine\base.py:3273: in connect
    return self._connection_cls(self)
           ^^^^^^^^^^^^^^^^^^^^^^^^^^
..\..\..\..\AppData\Local\Programs\Python\Python313\Lib\site-packages\sqlalchemy\engine\base.py:147: in __init__
    Connection._handle_dbapi_exception_noconnection(
..\..\..\..\AppData\Local\Programs\Python\Python313\Lib\site-packages\sqlalchemy\engine\base.py:2436: in _handle_dbapi_exception_noconnection
    raise sqlalchemy_exception.with_traceback(exc_info[2]) from e
..\..\..\..\AppData\Local\Programs\Python\Python313\Lib\site-packages\sqlalchemy\engine\base.py:145: in __init__
    self._dbapi_connection = engine.raw_connection()
                             ^^^^^^^^^^^^^^^^^^^^^^^
..\..\..\..\AppData\Local\Programs\Python\Python313\Lib\site-packages\sqlalchemy\engine\base.py:3297: in raw_connection
    return self.pool.connect()
           ^^^^^^^^^^^^^^^^^^^
..\..\..\..\AppData\Local\Programs\Python\Python313\Lib\site-packages\sqlalchemy\pool\base.py:449: in connect
    return _ConnectionFairy._checkout(self)
           ^^^^^^^^^^^^^^^^^^^^^^^^^^^^^^^^
..\..\..\..\AppData\Local\Programs\Python\Python313\Lib\site-packages\sqlalchemy\pool\base.py:1264: in _checkout
    fairy = _ConnectionRecord.checkout(pool)
            ^^^^^^^^^^^^^^^^^^^^^^^^^^^^^^^^
..\..\..\..\AppData\Local\Programs\Python\Python313\Lib\site-packages\sqlalchemy\pool\base.py:713: in checkout
    rec = pool._do_get()
          ^^^^^^^^^^^^^^
..\..\..\..\AppData\Local\Programs\Python\Python313\Lib\site-packages\sqlalchemy\pool\impl.py:179: in _do_get
    with util.safe_reraise():
         ^^^^^^^^^^^^^^^^^^^
..\..\..\..\AppData\Local\Programs\Python\Python313\Lib\site-packages\sqlalchemy\util\langhelpers.py:224: in __exit__
    raise exc_value.with_traceback(exc_tb)
..\..\..\..\AppData\Local\Programs\Python\Python313\Lib\site-packages\sqlalchemy\pool\impl.py:177: in _do_get
    return self._create_connection()
           ^^^^^^^^^^^^^^^^^^^^^^^^^
..\..\..\..\AppData\Local\Programs\Python\Python313\Lib\site-packages\sqlalchemy\pool\base.py:390: in _create_connection
    return _ConnectionRecord(self)
           ^^^^^^^^^^^^^^^^^^^^^^^
..\..\..\..\AppData\Local\Programs\Python\Python313\Lib\site-packages\sqlalchemy\pool\base.py:675: in __init__
    self.__connect()
..\..\..\..\AppData\Local\Programs\Python\Python313\Lib\site-packages\sqlalchemy\pool\base.py:915: in __connect
    )._exec_w_sync_on_first_run(self.dbapi_connection, self)
      ^^^^^^^^^^^^^^^^^^^^^^^^^^^^^^^^^^^^^^^^^^^^^^^^^^^^^^
..\..\..\..\AppData\Local\Programs\Python\Python313\Lib\site-packages\sqlalchemy\event\attr.py:483: in _exec_w_sync_on_first_run
    self(*args, **kw)
..\..\..\..\AppData\Local\Programs\Python\Python313\Lib\site-packages\sqlalchemy\event\attr.py:495: in __call__
    fn(*args, **kw)
..\elf\model.py:510: in set_sqlite3_pragmas
    cursor.execute(f"PRAGMA CACHE_SIZE={calculateCacheSize(CACHE_SIZE * 1024 * 1024)}")
E   sqlalchemy.exc.OperationalError: (sqlite3.OperationalError) database is locked
E   (Background on this error at: https://sqlalche.me/e/20/e3q8)</failure></testcase></testsuite></testsuites>
